[debug] ----------------------------------------------------------------------
[debug] Command:      /usr/local/bin/node /usr/local/bin/firebase deploy
[debug] CLI Version:  3.5.0
[debug] Platform:     darwin
[debug] Node Version: v6.10.1
[debug] Time:         Mon Apr 03 2017 16:57:30 GMT-0600 (MDT)
[debug] ----------------------------------------------------------------------
[debug] 
[debug] > command requires scopes: ["email","openid","https://www.googleapis.com/auth/cloudplatformprojects.readonly","https://www.googleapis.com/auth/firebase","https://www.googleapis.com/auth/cloud-platform"]
[debug] >>> HTTP REQUEST GET https://admin.firebase.com/v1/projects/uxtools-3ac6e  
 Mon Apr 03 2017 16:57:30 GMT-0600 (MDT)
[debug] <<< HTTP RESPONSE 200
[debug] >>> HTTP REQUEST GET https://admin.firebase.com/v1/database/uxtools-3ac6e/tokens  
 Mon Apr 03 2017 16:57:34 GMT-0600 (MDT)
[debug] <<< HTTP RESPONSE 200
[info] 
[info] === Deploying to 'uxtools-3ac6e'...
[info] 
[info] i  deploying database, functions, hosting
[info] ✔  database: rules ready to deploy.
[debug] > [functions] package.json contents: {
  "name": "functions",
  "description": "Cloud Functions for Firebase",
  "dependencies": {
    "firebase-admin": "^4.1.2",
    "firebase-functions": "^0.5"
  },
  "private": true
}
[info] i  functions: ensuring necessary APIs are enabled...
[info] i  runtimeconfig: ensuring necessary APIs are enabled...
[debug] >>> HTTP REQUEST GET https://servicemanagement.googleapis.com/v1/services/cloudfunctions.googleapis.com/projectSettings/uxtools-3ac6e?view=CONSUMER_VIEW  
 Mon Apr 03 2017 16:57:37 GMT-0600 (MDT)
[debug] >>> HTTP REQUEST GET https://servicemanagement.googleapis.com/v1/services/runtimeconfig.googleapis.com/projectSettings/uxtools-3ac6e?view=CONSUMER_VIEW  
 Mon Apr 03 2017 16:57:37 GMT-0600 (MDT)
[debug] <<< HTTP RESPONSE 200
[info] ✔  runtimeconfig: all necessary APIs are enabled
[debug] <<< HTTP RESPONSE 200
[info] ✔  functions: all necessary APIs are enabled
[debug] >>> HTTP REQUEST GET https://appengine.googleapis.com/v1/apps/uxtools-3ac6e  
 Mon Apr 03 2017 16:57:42 GMT-0600 (MDT)
[debug] >>> HTTP REQUEST GET https://apikeys.googleapis.com/v1/projects/uxtools-3ac6e/apiKeys  
 Mon Apr 03 2017 16:57:42 GMT-0600 (MDT)
[debug] <<< HTTP RESPONSE 200
[debug] <<< HTTP RESPONSE 200
[info] i  functions: preparing functions directory for uploading...
[debug] >>> HTTP REQUEST GET https://runtimeconfig.googleapis.com/v1beta1/projects/uxtools-3ac6e/configs  
 Mon Apr 03 2017 16:57:48 GMT-0600 (MDT)
[debug] <<< HTTP RESPONSE 200
[debug] > [functions] runtime config materialized as: {
  "firebase": {
    "databaseURL": "https://uxtools-3ac6e.firebaseio.com",
    "storageBucket": "uxtools-3ac6e.appspot.com",
    "apiKey": "AIzaSyDcWSmnR4mOSSX1_YsQjQJ9GM8M8QjWlv8",
    "authDomain": "uxtools-3ac6e.firebaseapp.com"
  }
}
[debug] > [functions] parsed triggers: []
[info] i  hosting: preparing public directory for upload...
[debug] >>> HTTP REQUEST PUT https://deploy.firebase.com/v1/hosting/uxtools-3ac6e/uploads/-Kgq1P_d27ZOhvKv_fVp?fileCount=336&message=  
 Mon Apr 03 2017 16:57:55 GMT-0600 (MDT)
[debug] Error: write EPIPE
    at exports._errnoException (util.js:1018:11)
    at WriteWrap.afterWrite (net.js:804:14)
[error] 
[error] Error: Server Error. write EPIPE
